
Table dropped.

drop table ATTR_GRP CASCADE CONSTRAINTS
           *
ERROR at line 1:
ORA-00942: table or view does not exist 


drop table VERSION CASCADE CONSTRAINTS
           *
ERROR at line 1:
ORA-00942: table or view does not exist 


drop table PHONE CASCADE CONSTRAINTS
           *
ERROR at line 1:
ORA-00942: table or view does not exist 


drop table OBJECT CASCADE CONSTRAINTS
           *
ERROR at line 1:
ORA-00942: table or view does not exist 


drop table OBJECT_PHONE CASCADE CONSTRAINTS
           *
ERROR at line 1:
ORA-00942: table or view does not exist 



Table created.


Table created.


Table created.


Table created.


Table created.


Table created.


Table altered.


Table altered.


Table altered.


Table altered.


Table altered.


Table altered.


Table altered.


Table altered.


Table altered.


Table altered.


Table altered.


Table altered.


Table altered.


Table altered.


Commit complete.

